timestamp: 2009-11-23T06:19:35.368770
CREATE TABLE auth_user(
	id INTEGER PRIMARY KEY AUTOINCREMENT,
	first_name CHAR(128),
	last_name CHAR(128),
	email CHAR(512),
	password CHAR(512),
	registration_key CHAR(512)
);
success!
timestamp: 2009-11-23T06:19:35.381405
CREATE TABLE auth_group(
	id INTEGER PRIMARY KEY AUTOINCREMENT,
	role CHAR(512),
	description TEXT
);
success!
timestamp: 2009-11-23T06:19:35.396795
CREATE TABLE auth_membership(
	id INTEGER PRIMARY KEY AUTOINCREMENT,
	user_id REFERENCES auth_user(id) ON DELETE CASCADE,
	group_id REFERENCES auth_group(id) ON DELETE CASCADE
);
success!
timestamp: 2009-11-23T06:19:35.419360
CREATE TABLE auth_permission(
	id INTEGER PRIMARY KEY AUTOINCREMENT,
	group_id REFERENCES auth_group(id) ON DELETE CASCADE,
	name CHAR(512),
	table_name CHAR(512),
	record_id INTEGER
);
success!
timestamp: 2009-11-23T06:19:35.436615
CREATE TABLE auth_event(
	id INTEGER PRIMARY KEY AUTOINCREMENT,
	time_stamp TIMESTAMP,
	client_ip CHAR(512),
	user_id REFERENCES auth_user(id) ON DELETE CASCADE,
	origin CHAR(512),
	description TEXT
);
success!
timestamp: 2009-11-23T07:43:03.565826
CREATE TABLE organization(
	id INTEGER PRIMARY KEY AUTOINCREMENT,
	name CHAR(512),
	url CHAR(512),
	address CHAR(512),
	phone CHAR(512),
	created_by CHAR(512),
	created_on TIMESTAMP
);
success!
timestamp: 2009-11-23T07:43:03.578568
CREATE TABLE person(
	id INTEGER PRIMARY KEY AUTOINCREMENT,
	name CHAR(512)
);
success!
timestamp: 2009-11-23T07:43:03.592092
CREATE TABLE program(
	id INTEGER PRIMARY KEY AUTOINCREMENT,
	title CHAR(512),
	organization REFERENCES organization(id) ON DELETE CASCADE,
	created_by CHAR(512),
	created_on TIMESTAMP
);
success!
timestamp: 2009-11-23T07:43:03.614083
CREATE TABLE pledgedrive(
	id INTEGER PRIMARY KEY AUTOINCREMENT,
	title CHAR(512),
	start_time TIMESTAMP,
	end_time TIMESTAMP,
	description TEXT,
	pledge_goal INTEGER,
	projected_average_pledge DOUBLE,
	organization REFERENCES organization(id) ON DELETE CASCADE,
	created_by CHAR(512),
	created_on TIMESTAMP
);
success!
timestamp: 2009-11-23T07:43:03.631920
CREATE TABLE challenge(
	id INTEGER PRIMARY KEY AUTOINCREMENT,
	title CHAR(512),
	person REFERENCES person(id) ON DELETE CASCADE,
	pledgedrive REFERENCES pledgedrive(id) ON DELETE CASCADE,
	amount INTEGER,
	description TEXT,
	organization REFERENCES organization(id) ON DELETE CASCADE,
	created_by CHAR(512),
	created_on TIMESTAMP
);
success!
timestamp: 2009-11-23T07:43:03.655931
CREATE TABLE segment(
	id INTEGER PRIMARY KEY AUTOINCREMENT,
	title CHAR(512),
	start_time TIMESTAMP,
	end_time TIMESTAMP,
	description TEXT,
	goal INTEGER,
	goal_type CHAR(512),
	program REFERENCES program(id) ON DELETE CASCADE,
	challenge REFERENCES challenge(id) ON DELETE CASCADE,
	pledgedrive REFERENCES pledgedrive(id) ON DELETE CASCADE,
	organization REFERENCES organization(id) ON DELETE CASCADE,
	created_by CHAR(512),
	created_on TIMESTAMP
);
success!
timestamp: 2009-11-23T07:43:03.677255
CREATE TABLE pledge(
	id INTEGER PRIMARY KEY AUTOINCREMENT,
	person REFERENCES person(id) ON DELETE CASCADE,
	amount INTEGER,
	name CHAR(512),
	program REFERENCES program(id) ON DELETE CASCADE,
	pledgedrive REFERENCES pledgedrive(id) ON DELETE CASCADE,
	organization REFERENCES organization(id) ON DELETE CASCADE,
	created_by CHAR(512),
	created_on TIMESTAMP
);
success!
timestamp: 2009-11-23T07:43:03.687640
CREATE TABLE message(
	id INTEGER PRIMARY KEY AUTOINCREMENT,
	person REFERENCES person(id) ON DELETE CASCADE,
	body TEXT,
	organization REFERENCES organization(id) ON DELETE CASCADE,
	created_by CHAR(512),
	created_on TIMESTAMP
);
success!
